<?xml version="1.0" encoding="utf-8"?><testsuites name="pytest tests"><testsuite name="pytest" errors="0" failures="0" skipped="0" tests="20" time="64.500" timestamp="2026-07-08T15:35:20.421012+00:00" hostname="agent-env-8db7d1e0-17a2-4ba3-a468-835aa9b068b6"><testcase classname="tests.backend_test.TestAuth" name="test_register_login_me_logout" time="1.307" /><testcase classname="tests.backend_test.TestATS" name="test_ats_analyze" time="11.236" /><testcase classname="tests.backend_test.TestAuth" name="test_login_wrong_credentials" time="0.153" /><testcase classname="tests.backend_test.TestAuth" name="test_brute_force_lockout" time="0.397" /><testcase classname="tests.backend_test.TestAuth" name="test_forgot_and_reset_password" time="1.106" /><testcase classname="tests.backend_test.TestAuth" name="test_session_anonymous_returns_200_null" time="0.100" /><testcase classname="tests.backend_test.TestAuth" name="test_session_authenticated_returns_user" time="0.415" /><testcase classname="tests.backend_test.TestAuth" name="test_unauth_endpoints_return_401" time="0.345" /><testcase classname="tests.backend_test.TestProfile" name="test_update_profile" time="0.401" /><testcase classname="tests.backend_test.TestProfile" name="test_change_password_wrong_current" time="0.270" /><testcase classname="tests.backend_test.TestProfile" name="test_change_password_success" time="0.496" /><testcase classname="tests.backend_test.TestRoot" name="test_root_ok" time="0.049" /><testcase classname="tests.backend_test.TestResumes" name="test_resume_crud" time="0.279" /><testcase classname="tests.backend_test.TestInterview" name="test_interview_flow" time="23.788" /><testcase classname="tests.backend_test.TestATS" name="test_ats_upload" time="10.819" /><testcase classname="tests.backend_test.TestATS" name="test_ats_history_scoped" time="0.056" /><testcase classname="tests.backend_test.TestJobs" name="test_jobs_crud" time="0.248" /><testcase classname="tests.backend_test.TestDashboard" name="test_dashboard_summary" time="0.071" /><testcase classname="tests.backend_test.TestCoverLetter" name="test_cover_letter" time="9.399" /><testcase classname="tests.backend_test.TestCareer" name="test_career_advice" time="25.439" /></testsuite></testsuites>