<?xml version="1.0" encoding="utf-8"?><testsuites name="pytest tests"><testsuite name="pytest" errors="0" failures="1" skipped="0" tests="18" time="61.892" timestamp="2026-07-08T15:06:38.135717+00:00" hostname="agent-env-8db7d1e0-17a2-4ba3-a468-835aa9b068b6"><testcase classname="tests.backend_test.TestAuth" name="test_register_login_me_logout" time="0.838"><failure message="AssertionError: assert 'test_ffec527...areerforge.ai' == 'TEST_ffec527...areerforge.ai'&#10;  &#10;  - TEST_ffec527073@careerforge.ai&#10;  ? ^^^^&#10;  + test_ffec527073@careerforge.ai&#10;  ? ^^^^">backend/tests/backend_test.py:67: in test_register_login_me_logout
    assert r.json()["user"]["email"] == e
E   AssertionError: assert 'test_ffec527...areerforge.ai' == 'TEST_ffec527...areerforge.ai'
E     
E     - TEST_ffec527073@careerforge.ai
E     ? ^^^^
E     + test_ffec527073@careerforge.ai
E     ? ^^^^</failure></testcase><testcase classname="tests.backend_test.TestATS" name="test_ats_analyze" time="10.648" /><testcase classname="tests.backend_test.TestAuth" name="test_login_wrong_credentials" time="0.105" /><testcase classname="tests.backend_test.TestAuth" name="test_brute_force_lockout" time="0.376" /><testcase classname="tests.backend_test.TestAuth" name="test_forgot_and_reset_password" time="0.999" /><testcase classname="tests.backend_test.TestAuth" name="test_unauth_endpoints_return_401" time="0.373" /><testcase classname="tests.backend_test.TestProfile" name="test_update_profile" time="0.432" /><testcase classname="tests.backend_test.TestProfile" name="test_change_password_wrong_current" time="0.289" /><testcase classname="tests.backend_test.TestProfile" name="test_change_password_success" time="0.516" /><testcase classname="tests.backend_test.TestRoot" name="test_root_ok" time="0.055" /><testcase classname="tests.backend_test.TestResumes" name="test_resume_crud" time="0.513" /><testcase classname="tests.backend_test.TestInterview" name="test_interview_flow" time="24.088" /><testcase classname="tests.backend_test.TestATS" name="test_ats_upload" time="9.552" /><testcase classname="tests.backend_test.TestATS" name="test_ats_history_scoped" time="0.067" /><testcase classname="tests.backend_test.TestJobs" name="test_jobs_crud" time="0.315" /><testcase classname="tests.backend_test.TestDashboard" name="test_dashboard_summary" time="0.061" /><testcase classname="tests.backend_test.TestCoverLetter" name="test_cover_letter" time="6.018" /><testcase classname="tests.backend_test.TestCareer" name="test_career_advice" time="26.663" /></testsuite></testsuites>